<?xml version="1.0" encoding="UTF-8"?>
<beans xmlns="http://www.springframework.org/schema/beans"
       xmlns:xsi="http://www.w3.org/2001/XMLSchema-instance"
       xmlns:context="http://www.springframework.org/schema/context"
       xmlns:util="http://www.springframework.org/schema/util"
       xmlns:tx="http://www.springframework.org/schema/tx"
       xmlns:jpa="http://www.springframework.org/schema/data/jpa"
       xsi:schemaLocation="
http://www.springframework.org/schema/beans http://www.springframework.org/schema/beans/spring-beans-3.0.xsd
http://www.springframework.org/schema/context http://www.springframework.org/schema/context/spring-context-3.0.xsd
http://www.springframework.org/schema/util http://www.springframework.org/schema/util/spring-util-3.0.xsd
http://www.springframework.org/schema/tx http://www.springframework.org/schema/tx/spring-tx-3.0.xsd
http://www.springframework.org/schema/data/jpa http://www.springframework.org/schema/data/jpa/spring-jpa.xsd
">
    <context:component-scan base-package="org.devnull.security"/>
    <jpa:repositories base-package="org.devnull.security.dao"/>

    <bean class="org.springframework.beans.factory.config.PropertyPlaceholderConfigurer">
        <property name="ignoreResourceNotFound" value="true"/>
        <property name="ignoreUnresolvablePlaceholders" value="true"/>
        <property name="locations">
            <list>
                <value>classpath:test-config.properties</value>
            </list>
        </property>
    </bean>

    <!-- Database Configuration -->
    <tx:annotation-driven transaction-manager="transactionManager"/>

    <bean class="org.springframework.orm.jpa.support.PersistenceAnnotationBeanPostProcessor"/>

    <bean id="transactionManager" class="org.springframework.orm.jpa.JpaTransactionManager">
        <property name="entityManagerFactory" ref="entityManagerFactory"/>
    </bean>

    <bean id="dataSource" class="org.apache.commons.dbcp.BasicDataSource" destroy-method="close">
        <property name="url" value="${jdbc.application.url}"/>
        <property name="username" value="${jdbc.application.username}"/>
        <property name="password" value="${jdbc.application.password}"/>
        <property name="driverClassName" value="${jdbc.application.driver}"/>
        <property name="initialSize" value="5"/>
        <property name="testOnBorrow" value="true"/>
        <property name="validationQuery" value="${jdbc.application.validationQuery}"/>
        <property name="maxWait" value="60000"/>
        <property name="maxActive" value="50"/>
        <property name="removeAbandoned" value="true"/>
        <property name="removeAbandonedTimeout" value="300"/>
        <property name="logAbandoned" value="true"/>
    </bean>


    <bean id="entityManagerFactory" class="org.springframework.orm.jpa.LocalContainerEntityManagerFactoryBean">
        <property name="dataSource" ref="dataSource"/>
        <property name="jpaProperties">
            <props>
                <prop key="hibernate.hbm2ddl.auto">${jdbc.application.generate.ddl}</prop>
                <prop key="hibernate.dialect">${jdbc.application.dialect}</prop>
                <!-- Good values between 5 and 30 -->
                <prop key="hibernate.jdbc.batch_size">15</prop>
                <prop key="hibernate.show_sql">false</prop>
                <prop key="hibernate.default_batch_fetch_size">1000</prop>
                <prop key="hibernate.jdbc.batch_versioned_data">true</prop>
                <prop key="hibernate.bytecode.use_reflection_optimizer">true</prop>
                <prop key="hibernate.max_fetch_depth">1</prop>
                <prop key="hibernate.cache.use_query_cache">false</prop>
                <prop key="hibernate.cache.use_second_level_cache">false</prop>
            </props>
        </property>

        <property name="loadTimeWeaver">
            <bean class="org.springframework.instrument.classloading.InstrumentationLoadTimeWeaver"/>
        </property>
        <property name="persistenceUnitName" value="devnull"/>
    </bean>

</beans>